<?xml version="1.0" encoding="UTF-8"?>
<!-- Generated by org.testng.reporters.JUnitReportReporter -->
<testsuite hostname="PavanKalyan" failures="0" tests="3" name="contactTestPractice.CreateContactTest" time="36.619" errors="0" timestamp="2024-07-18T12:56:08 IST" skipped="0">
  <testcase classname="contactTestPractice.CreateContactTest" name="createContactTest" time="10.548"/>
  <testcase classname="contactTestPractice.CreateContactTest" name="createContactWithSupportDate" time="10.013"/>
  <testcase classname="contactTestPractice.CreateContactTest" name="createContactWithOrg" time="16.058"/>
</testsuite> <!-- contactTestPractice.CreateContactTest -->
